<?xml version="1.0" encoding="UTF-8"?>
<testng-results skipped="0" failed="0" ignored="0" total="2" passed="2">
  <reporter-output>
    <line>
      <![CDATA[rajesh]]>
    </line>
    <line>
      <![CDATA[akshay]]>
    </line>
  </reporter-output>
  <suite name="Suite" duration-ms="280" started-at="2021-05-26T06:10:21Z" finished-at="2021-05-26T06:10:21Z">
    <groups>
    </groups>
    <test name="Test" duration-ms="280" started-at="2021-05-26T06:10:21Z" finished-at="2021-05-26T06:10:21Z">
      <class name="Testng4.class1">
        <test-method status="PASS" signature="m1()[pri:-2, instance:Testng4.class1@18be83e4]" name="m1" duration-ms="17" started-at="2021-05-26T11:40:21Z" finished-at="2021-05-26T11:40:21Z">
          <reporter-output>
            <line>
              <![CDATA[akshay]]>
            </line>
          </reporter-output>
        </test-method> <!-- m1 -->
      </class> <!-- Testng4.class1 -->
      <class name="Testng4.class2">
        <test-method status="PASS" signature="m2()[pri:-3, instance:Testng4.class2@cc285f4]" name="m2" duration-ms="96" started-at="2021-05-26T11:40:21Z" finished-at="2021-05-26T11:40:21Z">
          <reporter-output>
            <line>
              <![CDATA[rajesh]]>
            </line>
          </reporter-output>
        </test-method> <!-- m2 -->
      </class> <!-- Testng4.class2 -->
    </test> <!-- Test -->
  </suite> <!-- Suite -->
</testng-results>
