<?xml version="1.0" encoding="UTF-8"?>
<!-- Generated by org.testng.reporters.JUnitXMLReporter -->
<testsuite hostname="Akshay" ignored="1" name="Test1" tests="6" failures="0" timestamp="25 May 2021 08:21:15 GMT" time="0.335" errors="0">
  <testcase name="m10" time="0.024" classname="Testng1.fristclass"/>
  <testcase name="m7" time="0.017" classname="Testng1.fristclass"/>
  <testcase name="m8" time="0.025" classname="Testng1.fristclass"/>
  <testcase name="k1" time="0.023" classname="Testng1.scecondclass"/>
  <testcase name="k2" time="0.005" classname="Testng1.scecondclass"/>
  <testcase name="m9" time="0.028" classname="Testng1.fristclass"/>
  <testcase name="akshay" time="0.0" classname="Testng1.fristclass">
    <ignored/>
  </testcase> <!-- akshay -->
</testsuite> <!-- Test1 -->
