<?xml version="1.0" encoding="UTF-8"?>
<!-- Generated by org.testng.reporters.JUnitXMLReporter -->
<testsuite hostname="Akshay" ignored="2" tests="0" failures="0" timestamp="26 May 2021 13:53:38 GMT" time="7.176" errors="0">
  <testcase name="@AfterSuite closeBrowser" time="0.0" classname="Testng4.baseclass">
    <ignored/>
  </testcase> <!-- @AfterSuite closeBrowser -->
  <testcase name="@BeforeSuite openBrowser" time="0.0" classname="Testng4.baseclass">
    <ignored/>
  </testcase> <!-- @BeforeSuite openBrowser -->
</testsuite>
