<?xml version="1.0" encoding="UTF-8"?>
<!-- Generated by org.testng.reporters.JUnitXMLReporter -->
<testsuite hostname="Akshay" ignored="1" name="Test" tests="4" failures="0" timestamp="24 May 2021 07:08:09 GMT" time="0.261" errors="0">
  <testcase name="else4" time="0.028" classname="Testng.oneTest"/>
  <testcase name="else3" time="0.006" classname="Testng.oneTest"/>
  <testcase name="else2" time="0.007" classname="Testng.oneTest"/>
  <testcase name="else2" time="0.003" classname="Testng.Twotest"/>
  <testcase name="else10" time="0.0" classname="Testng.oneTest">
    <ignored/>
  </testcase> <!-- else10 -->
</testsuite> <!-- Test -->
